E:\DOCUMENTS\VISUAL STUDIO 2012\PROJECTS\PROJEKT\GRAPHICS ENGINE\GRAPHICS ENGINE\OBJ\DEBUG\IMAGE.OBJ
E:\DOCUMENTS\VISUAL STUDIO 2012\PROJECTS\PROJEKT\GRAPHICS ENGINE\GRAPHICS ENGINE\OBJ\DEBUG\KEYLISTENER.OBJ
E:\DOCUMENTS\VISUAL STUDIO 2012\PROJECTS\PROJEKT\GRAPHICS ENGINE\GRAPHICS ENGINE\OBJ\DEBUG\MALOWPERFORMANCE.OBJ
E:\DOCUMENTS\VISUAL STUDIO 2012\PROJECTS\PROJEKT\GRAPHICS ENGINE\GRAPHICS ENGINE\OBJ\DEBUG\MESH.OBJ
E:\DOCUMENTS\VISUAL STUDIO 2012\PROJECTS\PROJEKT\GRAPHICS ENGINE\GRAPHICS ENGINE\OBJ\DEBUG\MESHSTRIP.OBJ
E:\DOCUMENTS\VISUAL STUDIO 2012\PROJECTS\PROJEKT\GRAPHICS ENGINE\GRAPHICS ENGINE\OBJ\DEBUG\MESHSTRIPRESOURCE.OBJ
E:\DOCUMENTS\VISUAL STUDIO 2012\PROJECTS\PROJEKT\GRAPHICS ENGINE\GRAPHICS ENGINE\OBJ\DEBUG\OBJECT3D.OBJ
E:\DOCUMENTS\VISUAL STUDIO 2012\PROJECTS\PROJEKT\GRAPHICS ENGINE\GRAPHICS ENGINE\OBJ\DEBUG\OBJECTDATARESOURCE.OBJ
E:\DOCUMENTS\VISUAL STUDIO 2012\PROJECTS\PROJEKT\GRAPHICS ENGINE\GRAPHICS ENGINE\OBJ\DEBUG\OBJLOADER.OBJ
E:\DOCUMENTS\VISUAL STUDIO 2012\PROJECTS\PROJEKT\GRAPHICS ENGINE\GRAPHICS ENGINE\OBJ\DEBUG\POINTLIGHT.OBJ
E:\DOCUMENTS\VISUAL STUDIO 2012\PROJECTS\PROJEKT\GRAPHICS ENGINE\GRAPHICS ENGINE\OBJ\DEBUG\PROCESS.OBJ
E:\DOCUMENTS\VISUAL STUDIO 2012\PROJECTS\PROJEKT\GRAPHICS ENGINE\GRAPHICS ENGINE\OBJ\DEBUG\QUADRENDERER.OBJ
E:\DOCUMENTS\VISUAL STUDIO 2012\PROJECTS\PROJEKT\GRAPHICS ENGINE\GRAPHICS ENGINE\OBJ\DEBUG\RESOURCEMANAGER.OBJ
E:\DOCUMENTS\VISUAL STUDIO 2012\PROJECTS\PROJEKT\GRAPHICS ENGINE\GRAPHICS ENGINE\OBJ\DEBUG\SHADER.OBJ
E:\DOCUMENTS\VISUAL STUDIO 2012\PROJECTS\PROJEKT\GRAPHICS ENGINE\GRAPHICS ENGINE\OBJ\DEBUG\SKYBOX.OBJ
E:\DOCUMENTS\VISUAL STUDIO 2012\PROJECTS\PROJEKT\GRAPHICS ENGINE\GRAPHICS ENGINE\OBJ\DEBUG\SPHERE.OBJ
E:\DOCUMENTS\VISUAL STUDIO 2012\PROJECTS\PROJEKT\GRAPHICS ENGINE\GRAPHICS ENGINE\OBJ\DEBUG\STATICMESH.OBJ
E:\DOCUMENTS\VISUAL STUDIO 2012\PROJECTS\PROJEKT\GRAPHICS ENGINE\GRAPHICS ENGINE\OBJ\DEBUG\TERRAIN.OBJ
E:\DOCUMENTS\VISUAL STUDIO 2012\PROJECTS\PROJEKT\GRAPHICS ENGINE\GRAPHICS ENGINE\OBJ\DEBUG\TEXT.OBJ
E:\DOCUMENTS\VISUAL STUDIO 2012\PROJECTS\PROJEKT\GRAPHICS ENGINE\GRAPHICS ENGINE\OBJ\DEBUG\TEXTURERESOURCE.OBJ
E:\DOCUMENTS\VISUAL STUDIO 2012\PROJECTS\PROJEKT\GRAPHICS ENGINE\GRAPHICS ENGINE\OBJ\DEBUG\FPSUTIL.OBJ
E:\DOCUMENTS\VISUAL STUDIO 2012\PROJECTS\PROJEKT\GRAPHICS ENGINE\GRAPHICS ENGINE\OBJ\DEBUG\GAMETIMER.OBJ
E:\DOCUMENTS\VISUAL STUDIO 2012\PROJECTS\PROJEKT\GRAPHICS ENGINE\GRAPHICS ENGINE\OBJ\DEBUG\BUFFER.OBJ
E:\DOCUMENTS\VISUAL STUDIO 2012\PROJECTS\PROJEKT\GRAPHICS ENGINE\GRAPHICS ENGINE\OBJ\DEBUG\BUFFERRESOURCE.OBJ
E:\DOCUMENTS\VISUAL STUDIO 2012\PROJECTS\PROJEKT\GRAPHICS ENGINE\GRAPHICS ENGINE\OBJ\DEBUG\CAMERA.OBJ
E:\DOCUMENTS\VISUAL STUDIO 2012\PROJECTS\PROJEKT\GRAPHICS ENGINE\GRAPHICS ENGINE\OBJ\DEBUG\DXMANAGER.OBJ
E:\DOCUMENTS\VISUAL STUDIO 2012\PROJECTS\PROJEKT\GRAPHICS ENGINE\GRAPHICS ENGINE\OBJ\DEBUG\DXMANAGER_EVENTHANDLING.OBJ
E:\DOCUMENTS\VISUAL STUDIO 2012\PROJECTS\PROJEKT\GRAPHICS ENGINE\GRAPHICS ENGINE\OBJ\DEBUG\DXMANAGER_RENDERING.OBJ
E:\DOCUMENTS\VISUAL STUDIO 2012\PROJECTS\PROJEKT\GRAPHICS ENGINE\GRAPHICS ENGINE\OBJ\DEBUG\EXCEPTIONS.OBJ
E:\DOCUMENTS\VISUAL STUDIO 2012\PROJECTS\PROJEKT\GRAPHICS ENGINE\GRAPHICS ENGINE\OBJ\DEBUG\GRAPHICSENGINE.OBJ
E:\DOCUMENTS\VISUAL STUDIO 2012\PROJECTS\PROJEKT\GRAPHICS ENGINE\GRAPHICS ENGINE\OBJ\DEBUG\GRAPHICSENGINEIMPL.OBJ
E:\DOCUMENTS\VISUAL STUDIO 2012\PROJECTS\PROJEKT\GRAPHICS ENGINE\GRAPHICS ENGINE\OBJ\DEBUG\GRAPHICSENGINEPARAMETERS.OBJ
E:\DOCUMENTS\VISUAL STUDIO 2012\PROJECTS\PROJEKT\GRAPHICS ENGINE\GRAPHICS ENGINE\OBJ\DEBUG\HEIGHTMAP.OBJ
E:\DOCUMENTS\VISUAL STUDIO 2012\PROJECTS\PROJEKT\GRAPHICS ENGINE\GRAPHICS ENGINE\OBJ\DEBUG\VC110.PDB
E:\DOCUMENTS\VISUAL STUDIO 2012\PROJECTS\PROJEKT\GRAPHICS ENGINE\BUILD\DEBUG\DEFERREDGEOMETRY.CSO
E:\DOCUMENTS\VISUAL STUDIO 2012\PROJECTS\PROJEKT\GRAPHICS ENGINE\BUILD\DEBUG\DEFERREDGEOMETRYTERRAIN.CSO
E:\DOCUMENTS\VISUAL STUDIO 2012\PROJECTS\PROJEKT\GRAPHICS ENGINE\BUILD\DEBUG\FINALSHADER.CSO
E:\DOCUMENTS\VISUAL STUDIO 2012\PROJECTS\PROJEKT\GRAPHICS ENGINE\BUILD\DEBUG\IMAGERENDERER.CSO
E:\DOCUMENTS\VISUAL STUDIO 2012\PROJECTS\PROJEKT\GRAPHICS ENGINE\BUILD\DEBUG\POINTLIGHT.CSO
E:\DOCUMENTS\VISUAL STUDIO 2012\PROJECTS\PROJEKT\GRAPHICS ENGINE\BUILD\DEBUG\SHADERRESOURCEDEBUG.CSO
E:\DOCUMENTS\VISUAL STUDIO 2012\PROJECTS\PROJEKT\GRAPHICS ENGINE\BUILD\DEBUG\SKYBOX.CSO
E:\DOCUMENTS\VISUAL STUDIO 2012\PROJECTS\PROJEKT\GRAPHICS ENGINE\BUILD\DEBUG\TEXTRENDERER.CSO
E:\Documents\Visual Studio 2012\Projects\Projekt\Graphics Engine\Build\Debug\DeferredGeometry.cso
E:\Documents\Visual Studio 2012\Projects\Projekt\Graphics Engine\Build\Debug\DeferredGeometryTerrain.cso
E:\Documents\Visual Studio 2012\Projects\Projekt\Graphics Engine\Build\Debug\FinalShader.cso
E:\Documents\Visual Studio 2012\Projects\Projekt\Graphics Engine\Build\Debug\ImageRenderer.cso
E:\Documents\Visual Studio 2012\Projects\Projekt\Graphics Engine\Build\Debug\PointLight.cso
E:\Documents\Visual Studio 2012\Projects\Projekt\Graphics Engine\Build\Debug\ShaderResourceDebug.cso
E:\Documents\Visual Studio 2012\Projects\Projekt\Graphics Engine\Build\Debug\SkyBox.cso
E:\Documents\Visual Studio 2012\Projects\Projekt\Graphics Engine\Build\Debug\TextRenderer.cso
E:\Documents\Visual Studio 2012\Projects\Projekt\Graphics Engine\Build\Debug\Graphics EngineD.lib
E:\Documents\Visual Studio 2012\Projects\Projekt\Graphics Engine\Build\Debug\Graphics EngineD.exp
E:\DOCUMENTS\VISUAL STUDIO 2012\PROJECTS\PROJEKT\GRAPHICS ENGINE\BUILD\DEBUG\GRAPHICS ENGINED.ILK
E:\DOCUMENTS\VISUAL STUDIO 2012\PROJECTS\PROJEKT\GRAPHICS ENGINE\BUILD\DEBUG\GRAPHICS ENGINED.DLL
E:\DOCUMENTS\VISUAL STUDIO 2012\PROJECTS\PROJEKT\GRAPHICS ENGINE\BUILD\DEBUG\GRAPHICS ENGINED.PDB
E:\Documents\Visual Studio 2012\Projects\Projekt\Graphics Engine\Graphics Engine\Obj\Debug\Buffer.obj
E:\Documents\Visual Studio 2012\Projects\Projekt\Graphics Engine\Graphics Engine\Obj\Debug\BufferResource.obj
E:\Documents\Visual Studio 2012\Projects\Projekt\Graphics Engine\Graphics Engine\Obj\Debug\Camera.obj
E:\Documents\Visual Studio 2012\Projects\Projekt\Graphics Engine\Graphics Engine\Obj\Debug\DxManager.obj
E:\Documents\Visual Studio 2012\Projects\Projekt\Graphics Engine\Graphics Engine\Obj\Debug\DxManager_EventHandling.obj
E:\Documents\Visual Studio 2012\Projects\Projekt\Graphics Engine\Graphics Engine\Obj\Debug\DxManager_Rendering.obj
E:\Documents\Visual Studio 2012\Projects\Projekt\Graphics Engine\Graphics Engine\Obj\Debug\Exceptions.obj
E:\Documents\Visual Studio 2012\Projects\Projekt\Graphics Engine\Graphics Engine\Obj\Debug\FpsUtil.obj
E:\Documents\Visual Studio 2012\Projects\Projekt\Graphics Engine\Graphics Engine\Obj\Debug\GameTimer.obj
E:\Documents\Visual Studio 2012\Projects\Projekt\Graphics Engine\Graphics Engine\Obj\Debug\GraphicsEngine.obj
E:\Documents\Visual Studio 2012\Projects\Projekt\Graphics Engine\Graphics Engine\Obj\Debug\GraphicsEngineImpl.obj
E:\Documents\Visual Studio 2012\Projects\Projekt\Graphics Engine\Graphics Engine\Obj\Debug\GraphicsEngineParameters.obj
E:\Documents\Visual Studio 2012\Projects\Projekt\Graphics Engine\Graphics Engine\Obj\Debug\HeightMap.obj
E:\Documents\Visual Studio 2012\Projects\Projekt\Graphics Engine\Graphics Engine\Obj\Debug\Image.obj
E:\Documents\Visual Studio 2012\Projects\Projekt\Graphics Engine\Graphics Engine\Obj\Debug\KeyListener.obj
E:\Documents\Visual Studio 2012\Projects\Projekt\Graphics Engine\Graphics Engine\Obj\Debug\MaloWPerformance.obj
E:\Documents\Visual Studio 2012\Projects\Projekt\Graphics Engine\Graphics Engine\Obj\Debug\Mesh.obj
E:\Documents\Visual Studio 2012\Projects\Projekt\Graphics Engine\Graphics Engine\Obj\Debug\MeshStrip.obj
E:\Documents\Visual Studio 2012\Projects\Projekt\Graphics Engine\Graphics Engine\Obj\Debug\MeshStripResource.obj
E:\Documents\Visual Studio 2012\Projects\Projekt\Graphics Engine\Graphics Engine\Obj\Debug\Object3D.obj
E:\Documents\Visual Studio 2012\Projects\Projekt\Graphics Engine\Graphics Engine\Obj\Debug\ObjectDataResource.obj
E:\Documents\Visual Studio 2012\Projects\Projekt\Graphics Engine\Graphics Engine\Obj\Debug\ObjLoader.obj
E:\Documents\Visual Studio 2012\Projects\Projekt\Graphics Engine\Graphics Engine\Obj\Debug\PointLight.obj
E:\Documents\Visual Studio 2012\Projects\Projekt\Graphics Engine\Graphics Engine\Obj\Debug\Process.obj
E:\Documents\Visual Studio 2012\Projects\Projekt\Graphics Engine\Graphics Engine\Obj\Debug\QuadRenderer.obj
E:\Documents\Visual Studio 2012\Projects\Projekt\Graphics Engine\Graphics Engine\Obj\Debug\ResourceManager.obj
E:\Documents\Visual Studio 2012\Projects\Projekt\Graphics Engine\Graphics Engine\Obj\Debug\Shader.obj
E:\Documents\Visual Studio 2012\Projects\Projekt\Graphics Engine\Graphics Engine\Obj\Debug\SkyBox.obj
E:\Documents\Visual Studio 2012\Projects\Projekt\Graphics Engine\Graphics Engine\Obj\Debug\Sphere.obj
E:\Documents\Visual Studio 2012\Projects\Projekt\Graphics Engine\Graphics Engine\Obj\Debug\StaticMesh.obj
E:\Documents\Visual Studio 2012\Projects\Projekt\Graphics Engine\Graphics Engine\Obj\Debug\Terrain.obj
E:\Documents\Visual Studio 2012\Projects\Projekt\Graphics Engine\Graphics Engine\Obj\Debug\Text.obj
E:\Documents\Visual Studio 2012\Projects\Projekt\Graphics Engine\Graphics Engine\Obj\Debug\TextureResource.obj
E:\Documents\Visual Studio 2012\Projects\Projekt\Graphics Engine\Graphics Engine\Obj\Debug\cl.command.1.tlog
E:\Documents\Visual Studio 2012\Projects\Projekt\Graphics Engine\Graphics Engine\Obj\Debug\CL.read.1.tlog
E:\Documents\Visual Studio 2012\Projects\Projekt\Graphics Engine\Graphics Engine\Obj\Debug\CL.write.1.tlog
E:\Documents\Visual Studio 2012\Projects\Projekt\Graphics Engine\Graphics Engine\Obj\Debug\FXC.command.1.tlog
E:\Documents\Visual Studio 2012\Projects\Projekt\Graphics Engine\Graphics Engine\Obj\Debug\fxc.read.1.tlog
E:\Documents\Visual Studio 2012\Projects\Projekt\Graphics Engine\Graphics Engine\Obj\Debug\fxc.write.1.tlog
E:\Documents\Visual Studio 2012\Projects\Projekt\Graphics Engine\Graphics Engine\Obj\Debug\Graphics Engine.write.1.tlog
E:\Documents\Visual Studio 2012\Projects\Projekt\Graphics Engine\Graphics Engine\Obj\Debug\link-cvtres.read.1.tlog
E:\Documents\Visual Studio 2012\Projects\Projekt\Graphics Engine\Graphics Engine\Obj\Debug\link-cvtres.write.1.tlog
E:\Documents\Visual Studio 2012\Projects\Projekt\Graphics Engine\Graphics Engine\Obj\Debug\link-rc.read.1.tlog
E:\Documents\Visual Studio 2012\Projects\Projekt\Graphics Engine\Graphics Engine\Obj\Debug\link-rc.write.1.tlog
E:\Documents\Visual Studio 2012\Projects\Projekt\Graphics Engine\Graphics Engine\Obj\Debug\link.command.1.tlog
E:\Documents\Visual Studio 2012\Projects\Projekt\Graphics Engine\Graphics Engine\Obj\Debug\link.read.1.tlog
E:\Documents\Visual Studio 2012\Projects\Projekt\Graphics Engine\Graphics Engine\Obj\Debug\link.write.1.tlog
E:\Documents\Visual Studio 2012\Projects\Projekt\Graphics Engine\Graphics Engine\Obj\Debug\vc110.idb
E:\Documents\Visual Studio 2012\Projects\Projekt\Graphics Engine\Graphics Engine\Obj\Debug\vc110.pdb
E:\Documents\Visual Studio 2012\Projects\Projekt\Graphics Engine\\Build\Debug\Graphics EngineD.pdb
E:\Documents\Visual Studio 2012\Projects\Projekt\Graphics Engine\\Build\Debug\Graphics EngineD.dll
E:\Documents\Visual Studio 2012\Projects\Projekt\Graphics Engine\\Build\Debug\Graphics EngineD.ilk
