Build started 2013-12-19 21:40:05.
     1>Project "E:\Documents\Visual Studio 2012\Projects\Projekt\Graphics Engine\Graphics Engine\Graphics Engine.vcxproj" on node 2 (Build target(s)).
     1>ClCompile:
         E:\Program Files (x86)\Microsoft Visual Studio 11.0\VC\bin\CL.exe /c /I"E:\Documents\Visual Studio 2012\Projects\Projekt\Graphics Engine\\Include\\" /I"E:\Documents\Visual Studio 2012\Projects\Projekt\Graphics Engine\\Shared\\" /ZI /nologo /W4 /WX- /Od /Oy- /D DLL_EXPORT /D WIN32 /D _DEBUG /D _WINDOWS /D _USRDLL /D _WINDLL /D _MBCS /Gm /EHsc /RTC1 /MDd /GS /fp:precise /Zc:wchar_t /Zc:forScope /Fo"E:\Documents\Visual Studio 2012\Projects\Projekt\Graphics Engine\Graphics Engine\\Obj\Debug\\" /Fd"E:\Documents\Visual Studio 2012\Projects\Projekt\Graphics Engine\Graphics Engine\\Obj\Debug\vc110.pdb" /Gd /TP /wd4250 /wd4099 /wd4290 /wd4239 /wd4238 /analyze- /errorReport:prompt Source\DxManager.cpp Source\DxManager_EventHandling.cpp Source\DxManager_Rendering.cpp Source\GraphicsEngine.cpp Source\GraphicsEngineImpl.cpp Source\Shader.cpp
         Shader.cpp
         GraphicsEngineImpl.cpp
     1>e:\documents\visual studio 2012\projects\projekt\graphics engine\graphics engine\source\dxmanager.h(176): warning C4512: 'DxManager' : assignment operator could not be generated
                 e:\documents\visual studio 2012\projects\projekt\graphics engine\graphics engine\source\dxmanager.h(45) : see declaration of 'DxManager'
     1>e:\documents\visual studio 2012\projects\projekt\graphics engine\graphics engine\source\graphicsengineimpl.h(86): warning C4244: 'argument' : conversion from 'float' to 'int', possible loss of data
     1>e:\documents\visual studio 2012\projects\projekt\graphics engine\graphics engine\source\graphicsengineimpl.h(87): warning C4244: 'argument' : conversion from 'float' to 'int', possible loss of data
     1>e:\documents\visual studio 2012\projects\projekt\graphics engine\graphics engine\source\graphicsengineimpl.cpp(4): warning C4356: 'iGraphicsEngineParams::WindowWidth' : static data member cannot be initialized via derived class
     1>e:\documents\visual studio 2012\projects\projekt\graphics engine\graphics engine\source\graphicsengineimpl.cpp(5): warning C4356: 'iGraphicsEngineParams::WindowHeight' : static data member cannot be initialized via derived class
     1>e:\documents\visual studio 2012\projects\projekt\graphics engine\graphics engine\source\graphicsengineimpl.cpp(6): warning C4356: 'iGraphicsEngineParams::Maximized' : static data member cannot be initialized via derived class
     1>e:\documents\visual studio 2012\projects\projekt\graphics engine\graphics engine\source\graphicsengineimpl.cpp(7): warning C4356: 'iGraphicsEngineParams::FOV' : static data member cannot be initialized via derived class
     1>e:\documents\visual studio 2012\projects\projekt\graphics engine\graphics engine\source\graphicsengineimpl.cpp(7): warning C4244: 'initializing' : conversion from 'float' to 'int', possible loss of data
     1>e:\documents\visual studio 2012\projects\projekt\graphics engine\graphics engine\source\graphicsengineimpl.cpp(8): warning C4356: 'iGraphicsEngineParams::NearClip' : static data member cannot be initialized via derived class
     1>e:\documents\visual studio 2012\projects\projekt\graphics engine\graphics engine\source\graphicsengineimpl.cpp(9): warning C4356: 'iGraphicsEngineParams::FarClip' : static data member cannot be initialized via derived class
     1>e:\documents\visual studio 2012\projects\projekt\graphics engine\graphics engine\source\graphicsengineimpl.cpp(10): warning C4356: 'iGraphicsEngineParams::RefreshRate' : static data member cannot be initialized via derived class
     1>e:\documents\visual studio 2012\projects\projekt\graphics engine\graphics engine\source\graphicsengineimpl.cpp(11): warning C4356: 'iGraphicsEngineParams::MaxFPS' : static data member cannot be initialized via derived class
     1>e:\documents\visual studio 2012\projects\projekt\graphics engine\graphics engine\source\graphicsengineimpl.cpp(12): warning C4356: 'iGraphicsEngineParams::MinFps' : static data member cannot be initialized via derived class
     1>e:\documents\visual studio 2012\projects\projekt\graphics engine\graphics engine\source\graphicsengineimpl.cpp(13): warning C4356: 'iGraphicsEngineParams::MouseSensativity' : static data member cannot be initialized via derived class
     1>e:\documents\visual studio 2012\projects\projekt\graphics engine\graphics engine\source\graphicsengineimpl.cpp(379): warning C4244: 'initializing' : conversion from 'float' to 'int', possible loss of data
     1>e:\documents\visual studio 2012\projects\projekt\graphics engine\graphics engine\source\graphicsengineimpl.cpp(502): warning C4244: 'argument' : conversion from 'int' to 'float', possible loss of data
     1>e:\documents\visual studio 2012\projects\projekt\graphics engine\graphics engine\source\graphicsengineimpl.cpp(504): warning C4244: 'argument' : conversion from 'int' to 'float', possible loss of data
     1>e:\documents\visual studio 2012\projects\projekt\graphics engine\graphics engine\source\graphicsengineimpl.cpp(506): warning C4244: 'argument' : conversion from 'int' to 'float', possible loss of data
         GraphicsEngine.cpp
     1>e:\documents\visual studio 2012\projects\projekt\graphics engine\graphics engine\source\dxmanager.h(176): warning C4512: 'DxManager' : assignment operator could not be generated
                 e:\documents\visual studio 2012\projects\projekt\graphics engine\graphics engine\source\dxmanager.h(45) : see declaration of 'DxManager'
     1>e:\documents\visual studio 2012\projects\projekt\graphics engine\graphics engine\source\graphicsengineimpl.h(86): warning C4244: 'argument' : conversion from 'float' to 'int', possible loss of data
     1>e:\documents\visual studio 2012\projects\projekt\graphics engine\graphics engine\source\graphicsengineimpl.h(87): warning C4244: 'argument' : conversion from 'float' to 'int', possible loss of data
         DxManager_Rendering.cpp
     1>e:\documents\visual studio 2012\projects\projekt\graphics engine\graphics engine\source\dxmanager.h(176): warning C4512: 'DxManager' : assignment operator could not be generated
                 e:\documents\visual studio 2012\projects\projekt\graphics engine\graphics engine\source\dxmanager.h(45) : see declaration of 'DxManager'
         DxManager_EventHandling.cpp
     1>e:\documents\visual studio 2012\projects\projekt\graphics engine\graphics engine\source\dxmanager.h(176): warning C4512: 'DxManager' : assignment operator could not be generated
                 e:\documents\visual studio 2012\projects\projekt\graphics engine\graphics engine\source\dxmanager.h(45) : see declaration of 'DxManager'
         DxManager.cpp
     1>e:\documents\visual studio 2012\projects\projekt\graphics engine\graphics engine\source\dxmanager.h(176): warning C4512: 'DxManager' : assignment operator could not be generated
                 e:\documents\visual studio 2012\projects\projekt\graphics engine\graphics engine\source\dxmanager.h(45) : see declaration of 'DxManager'
     1>e:\documents\visual studio 2012\projects\projekt\graphics engine\graphics engine\source\dxmanager.cpp(201): warning C4101: 'e' : unreferenced local variable
     1>e:\documents\visual studio 2012\projects\projekt\graphics engine\graphics engine\source\dxmanager.cpp(1031): warning C4101: 'e' : unreferenced local variable
         Generating Code...
       Link:
         E:\Program Files (x86)\Microsoft Visual Studio 11.0\VC\bin\link.exe /ERRORREPORT:PROMPT /OUT:"E:\Documents\Visual Studio 2012\Projects\Projekt\Graphics Engine\\Build\Debug\Graphics EngineD.dll" /INCREMENTAL /NOLOGO kernel32.lib user32.lib gdi32.lib winspool.lib comdlg32.lib advapi32.lib shell32.lib ole32.lib oleaut32.lib uuid.lib odbc32.lib odbccp32.lib /MANIFEST /MANIFESTUAC:"level='asInvoker' uiAccess='false'" /manifest:embed /DEBUG /PDB:"E:\Documents\Visual Studio 2012\Projects\Projekt\Graphics Engine\\Build\Debug\Graphics EngineD.pdb" /TLBID:1 /DYNAMICBASE /NXCOMPAT /IMPLIB:"E:\Documents\Visual Studio 2012\Projects\Projekt\Graphics Engine\\Build\Debug\Graphics EngineD.lib" /MACHINE:X86 /DLL "E:\Documents\Visual Studio 2012\Projects\Projekt\Graphics Engine\Graphics Engine\\Obj\Debug\FpsUtil.obj"
         "E:\Documents\Visual Studio 2012\Projects\Projekt\Graphics Engine\Graphics Engine\\Obj\Debug\GameTimer.obj"
         "E:\Documents\Visual Studio 2012\Projects\Projekt\Graphics Engine\Graphics Engine\\Obj\Debug\Buffer.obj"
         "E:\Documents\Visual Studio 2012\Projects\Projekt\Graphics Engine\Graphics Engine\\Obj\Debug\BufferResource.obj"
         "E:\Documents\Visual Studio 2012\Projects\Projekt\Graphics Engine\Graphics Engine\\Obj\Debug\Camera.obj"
         "E:\Documents\Visual Studio 2012\Projects\Projekt\Graphics Engine\Graphics Engine\\Obj\Debug\DxManager.obj"
         "E:\Documents\Visual Studio 2012\Projects\Projekt\Graphics Engine\Graphics Engine\\Obj\Debug\DxManager_EventHandling.obj"
         "E:\Documents\Visual Studio 2012\Projects\Projekt\Graphics Engine\Graphics Engine\\Obj\Debug\DxManager_Rendering.obj"
         "E:\Documents\Visual Studio 2012\Projects\Projekt\Graphics Engine\Graphics Engine\\Obj\Debug\Exceptions.obj"
         "E:\Documents\Visual Studio 2012\Projects\Projekt\Graphics Engine\Graphics Engine\\Obj\Debug\GraphicsEngine.obj"
         "E:\Documents\Visual Studio 2012\Projects\Projekt\Graphics Engine\Graphics Engine\\Obj\Debug\GraphicsEngineImpl.obj"
         "E:\Documents\Visual Studio 2012\Projects\Projekt\Graphics Engine\Graphics Engine\\Obj\Debug\GraphicsEngineParameters.obj"
         "E:\Documents\Visual Studio 2012\Projects\Projekt\Graphics Engine\Graphics Engine\\Obj\Debug\HeightMap.obj"
         "E:\Documents\Visual Studio 2012\Projects\Projekt\Graphics Engine\Graphics Engine\\Obj\Debug\Image.obj"
         "E:\Documents\Visual Studio 2012\Projects\Projekt\Graphics Engine\Graphics Engine\\Obj\Debug\KeyListener.obj"
         "E:\Documents\Visual Studio 2012\Projects\Projekt\Graphics Engine\Graphics Engine\\Obj\Debug\MaloWPerformance.obj"
         "E:\Documents\Visual Studio 2012\Projects\Projekt\Graphics Engine\Graphics Engine\\Obj\Debug\Mesh.obj"
         "E:\Documents\Visual Studio 2012\Projects\Projekt\Graphics Engine\Graphics Engine\\Obj\Debug\MeshStrip.obj"
         "E:\Documents\Visual Studio 2012\Projects\Projekt\Graphics Engine\Graphics Engine\\Obj\Debug\MeshStripResource.obj"
         "E:\Documents\Visual Studio 2012\Projects\Projekt\Graphics Engine\Graphics Engine\\Obj\Debug\Object3D.obj"
         "E:\Documents\Visual Studio 2012\Projects\Projekt\Graphics Engine\Graphics Engine\\Obj\Debug\ObjectDataResource.obj"
         "E:\Documents\Visual Studio 2012\Projects\Projekt\Graphics Engine\Graphics Engine\\Obj\Debug\ObjLoader.obj"
         "E:\Documents\Visual Studio 2012\Projects\Projekt\Graphics Engine\Graphics Engine\\Obj\Debug\PointLight.obj"
         "E:\Documents\Visual Studio 2012\Projects\Projekt\Graphics Engine\Graphics Engine\\Obj\Debug\Process.obj"
         "E:\Documents\Visual Studio 2012\Projects\Projekt\Graphics Engine\Graphics Engine\\Obj\Debug\QuadRenderer.obj"
         "E:\Documents\Visual Studio 2012\Projects\Projekt\Graphics Engine\Graphics Engine\\Obj\Debug\ResourceManager.obj"
         "E:\Documents\Visual Studio 2012\Projects\Projekt\Graphics Engine\Graphics Engine\\Obj\Debug\Shader.obj"
         "E:\Documents\Visual Studio 2012\Projects\Projekt\Graphics Engine\Graphics Engine\\Obj\Debug\SkyBox.obj"
         "E:\Documents\Visual Studio 2012\Projects\Projekt\Graphics Engine\Graphics Engine\\Obj\Debug\Sphere.obj"
         "E:\Documents\Visual Studio 2012\Projects\Projekt\Graphics Engine\Graphics Engine\\Obj\Debug\StaticMesh.obj"
         "E:\Documents\Visual Studio 2012\Projects\Projekt\Graphics Engine\Graphics Engine\\Obj\Debug\Terrain.obj"
         "E:\Documents\Visual Studio 2012\Projects\Projekt\Graphics Engine\Graphics Engine\\Obj\Debug\Text.obj"
         "E:\Documents\Visual Studio 2012\Projects\Projekt\Graphics Engine\Graphics Engine\\Obj\Debug\TextureResource.obj"
         Graphics Engine.vcxproj -> E:\Documents\Visual Studio 2012\Projects\Projekt\Graphics Engine\\Build\Debug\Graphics EngineD.dll
       PostBuildEvent:
         copy "E:\Documents\Visual Studio 2012\Projects\Projekt\Graphics Engine\\Build\Debug\*.dll" "E:\Documents\Visual Studio 2012\Projects\Projekt\Graphics Engine\\Debug"
         copy "E:\Documents\Visual Studio 2012\Projects\Projekt\Graphics Engine\\Build\Debug\*.lib" "E:\Documents\Visual Studio 2012\Projects\Projekt\Graphics Engine\\Debug"
         :VCEnd
         E:\Documents\Visual Studio 2012\Projects\Projekt\Graphics Engine\\Build\Debug\Graphics EngineD.dll
                 1 file(s) copied.
         E:\Documents\Visual Studio 2012\Projects\Projekt\Graphics Engine\\Build\Debug\Graphics EngineD.lib
                 1 file(s) copied.
     1>Done Building Project "E:\Documents\Visual Studio 2012\Projects\Projekt\Graphics Engine\Graphics Engine\Graphics Engine.vcxproj" (Build target(s)).

Build succeeded.

Time Elapsed 00:00:09.60
