E:\DOCUMENTS\VISUAL STUDIO 2012\PROJECTS\PROJEKT\GRAPHICS ENGINE\MAINPROJECT\DEBUG\GAMETIMER.OBJ
E:\DOCUMENTS\VISUAL STUDIO 2012\PROJECTS\PROJEKT\GRAPHICS ENGINE\MAINPROJECT\DEBUG\GRAPHICS.OBJ
E:\DOCUMENTS\VISUAL STUDIO 2012\PROJECTS\PROJEKT\GRAPHICS ENGINE\MAINPROJECT\DEBUG\MAIN.OBJ
E:\DOCUMENTS\VISUAL STUDIO 2012\PROJECTS\PROJEKT\GRAPHICS ENGINE\MAINPROJECT\DEBUG\VC110.PDB
E:\DOCUMENTS\VISUAL STUDIO 2012\PROJECTS\PROJEKT\GRAPHICS ENGINE\DEBUG\MAINPROJECT.ILK
E:\DOCUMENTS\VISUAL STUDIO 2012\PROJECTS\PROJEKT\GRAPHICS ENGINE\DEBUG\MAINPROJECT.EXE
E:\DOCUMENTS\VISUAL STUDIO 2012\PROJECTS\PROJEKT\GRAPHICS ENGINE\DEBUG\MAINPROJECT.PDB
E:\Documents\Visual Studio 2012\Projects\Projekt\Graphics Engine\MainProject\Debug\GameTimer.obj
E:\Documents\Visual Studio 2012\Projects\Projekt\Graphics Engine\MainProject\Debug\Graphics.obj
E:\Documents\Visual Studio 2012\Projects\Projekt\Graphics Engine\MainProject\Debug\Main.obj
E:\Documents\Visual Studio 2012\Projects\Projekt\Graphics Engine\MainProject\Debug\cl.command.1.tlog
E:\Documents\Visual Studio 2012\Projects\Projekt\Graphics Engine\MainProject\Debug\CL.read.1.tlog
E:\Documents\Visual Studio 2012\Projects\Projekt\Graphics Engine\MainProject\Debug\CL.write.1.tlog
E:\Documents\Visual Studio 2012\Projects\Projekt\Graphics Engine\MainProject\Debug\link-cvtres.read.1.tlog
E:\Documents\Visual Studio 2012\Projects\Projekt\Graphics Engine\MainProject\Debug\link-cvtres.write.1.tlog
E:\Documents\Visual Studio 2012\Projects\Projekt\Graphics Engine\MainProject\Debug\link-rc.read.1.tlog
E:\Documents\Visual Studio 2012\Projects\Projekt\Graphics Engine\MainProject\Debug\link-rc.write.1.tlog
E:\Documents\Visual Studio 2012\Projects\Projekt\Graphics Engine\MainProject\Debug\link.command.1.tlog
E:\Documents\Visual Studio 2012\Projects\Projekt\Graphics Engine\MainProject\Debug\link.read.1.tlog
E:\Documents\Visual Studio 2012\Projects\Projekt\Graphics Engine\MainProject\Debug\link.write.1.tlog
E:\Documents\Visual Studio 2012\Projects\Projekt\Graphics Engine\MainProject\Debug\vc110.idb
E:\Documents\Visual Studio 2012\Projects\Projekt\Graphics Engine\MainProject\Debug\vc110.pdb
E:\Documents\Visual Studio 2012\Projects\Projekt\Graphics Engine\Debug\MainProject.pdb
E:\Documents\Visual Studio 2012\Projects\Projekt\Graphics Engine\Debug\MainProject.exe
E:\Documents\Visual Studio 2012\Projects\Projekt\Graphics Engine\Debug\MainProject.ilk
