E:\DOCUMENTS\VISUAL STUDIO 2012\PROJECTS\PROJEKT\GRAPHICS ENGINE\GRAPHICS ENGINE\OBJ\RELEASE\SHADER.OBJ
E:\DOCUMENTS\VISUAL STUDIO 2012\PROJECTS\PROJEKT\GRAPHICS ENGINE\GRAPHICS ENGINE\OBJ\RELEASE\PROCESS.OBJ
E:\DOCUMENTS\VISUAL STUDIO 2012\PROJECTS\PROJEKT\GRAPHICS ENGINE\GRAPHICS ENGINE\OBJ\RELEASE\OBJLOADER.OBJ
E:\DOCUMENTS\VISUAL STUDIO 2012\PROJECTS\PROJEKT\GRAPHICS ENGINE\GRAPHICS ENGINE\OBJ\RELEASE\MESH.OBJ
E:\DOCUMENTS\VISUAL STUDIO 2012\PROJECTS\PROJEKT\GRAPHICS ENGINE\GRAPHICS ENGINE\OBJ\RELEASE\KEYLISTENER.OBJ
E:\DOCUMENTS\VISUAL STUDIO 2012\PROJECTS\PROJEKT\GRAPHICS ENGINE\GRAPHICS ENGINE\OBJ\RELEASE\GRAPHICSENGINEPARAMETERS.OBJ
E:\DOCUMENTS\VISUAL STUDIO 2012\PROJECTS\PROJEKT\GRAPHICS ENGINE\GRAPHICS ENGINE\OBJ\RELEASE\GRAPHICSENGINEIMPL.OBJ
E:\DOCUMENTS\VISUAL STUDIO 2012\PROJECTS\PROJEKT\GRAPHICS ENGINE\GRAPHICS ENGINE\OBJ\RELEASE\GRAPHICSENGINE.OBJ
E:\DOCUMENTS\VISUAL STUDIO 2012\PROJECTS\PROJEKT\GRAPHICS ENGINE\GRAPHICS ENGINE\OBJ\RELEASE\GAMETIMER.OBJ
E:\DOCUMENTS\VISUAL STUDIO 2012\PROJECTS\PROJEKT\GRAPHICS ENGINE\GRAPHICS ENGINE\OBJ\RELEASE\EXCEPTIONS.OBJ
E:\DOCUMENTS\VISUAL STUDIO 2012\PROJECTS\PROJEKT\GRAPHICS ENGINE\GRAPHICS ENGINE\OBJ\RELEASE\DXMANAGER.OBJ
E:\DOCUMENTS\VISUAL STUDIO 2012\PROJECTS\PROJEKT\GRAPHICS ENGINE\GRAPHICS ENGINE\OBJ\RELEASE\CAMERA.OBJ
E:\DOCUMENTS\VISUAL STUDIO 2012\PROJECTS\PROJEKT\GRAPHICS ENGINE\GRAPHICS ENGINE\OBJ\RELEASE\VC110.PDB
E:\DOCUMENTS\VISUAL STUDIO 2012\PROJECTS\PROJEKT\GRAPHICS ENGINE\BUILD\RELEASE\DEFERREDGEOMETRY.CSO
E:\Documents\Visual Studio 2012\Projects\Projekt\Graphics Engine\Build\Release\DeferredGeometry.cso
E:\Documents\Visual Studio 2012\Projects\Projekt\Graphics Engine\Build\Release\Graphics Engine.lib
E:\Documents\Visual Studio 2012\Projects\Projekt\Graphics Engine\Build\Release\Graphics Engine.exp
E:\DOCUMENTS\VISUAL STUDIO 2012\PROJECTS\PROJEKT\GRAPHICS ENGINE\BUILD\RELEASE\GRAPHICS ENGINE.DLL
E:\DOCUMENTS\VISUAL STUDIO 2012\PROJECTS\PROJEKT\GRAPHICS ENGINE\BUILD\RELEASE\GRAPHICS ENGINE.PDB
E:\Documents\Visual Studio 2012\Projects\Projekt\Graphics Engine\Graphics Engine\Obj\Release\Camera.obj
E:\Documents\Visual Studio 2012\Projects\Projekt\Graphics Engine\Graphics Engine\Obj\Release\DxManager.obj
E:\Documents\Visual Studio 2012\Projects\Projekt\Graphics Engine\Graphics Engine\Obj\Release\Exceptions.obj
E:\Documents\Visual Studio 2012\Projects\Projekt\Graphics Engine\Graphics Engine\Obj\Release\GameTimer.obj
E:\Documents\Visual Studio 2012\Projects\Projekt\Graphics Engine\Graphics Engine\Obj\Release\GraphicsEngine.obj
E:\Documents\Visual Studio 2012\Projects\Projekt\Graphics Engine\Graphics Engine\Obj\Release\GraphicsEngineImpl.obj
E:\Documents\Visual Studio 2012\Projects\Projekt\Graphics Engine\Graphics Engine\Obj\Release\GraphicsEngineParameters.obj
E:\Documents\Visual Studio 2012\Projects\Projekt\Graphics Engine\Graphics Engine\Obj\Release\KeyListener.obj
E:\Documents\Visual Studio 2012\Projects\Projekt\Graphics Engine\Graphics Engine\Obj\Release\Mesh.obj
E:\Documents\Visual Studio 2012\Projects\Projekt\Graphics Engine\Graphics Engine\Obj\Release\ObjLoader.obj
E:\Documents\Visual Studio 2012\Projects\Projekt\Graphics Engine\Graphics Engine\Obj\Release\Process.obj
E:\Documents\Visual Studio 2012\Projects\Projekt\Graphics Engine\Graphics Engine\Obj\Release\Shader.obj
E:\Documents\Visual Studio 2012\Projects\Projekt\Graphics Engine\Graphics Engine\Obj\Release\cl.command.1.tlog
E:\Documents\Visual Studio 2012\Projects\Projekt\Graphics Engine\Graphics Engine\Obj\Release\CL.read.1.tlog
E:\Documents\Visual Studio 2012\Projects\Projekt\Graphics Engine\Graphics Engine\Obj\Release\CL.write.1.tlog
E:\Documents\Visual Studio 2012\Projects\Projekt\Graphics Engine\Graphics Engine\Obj\Release\FXC.command.1.tlog
E:\Documents\Visual Studio 2012\Projects\Projekt\Graphics Engine\Graphics Engine\Obj\Release\fxc.read.1.tlog
E:\Documents\Visual Studio 2012\Projects\Projekt\Graphics Engine\Graphics Engine\Obj\Release\FXC.write.1.tlog
E:\Documents\Visual Studio 2012\Projects\Projekt\Graphics Engine\Graphics Engine\Obj\Release\Graphics Engine.write.1.tlog
E:\Documents\Visual Studio 2012\Projects\Projekt\Graphics Engine\Graphics Engine\Obj\Release\link-cvtres.read.1.tlog
E:\Documents\Visual Studio 2012\Projects\Projekt\Graphics Engine\Graphics Engine\Obj\Release\link-cvtres.write.1.tlog
E:\Documents\Visual Studio 2012\Projects\Projekt\Graphics Engine\Graphics Engine\Obj\Release\link-rc.read.1.tlog
E:\Documents\Visual Studio 2012\Projects\Projekt\Graphics Engine\Graphics Engine\Obj\Release\link-rc.write.1.tlog
E:\Documents\Visual Studio 2012\Projects\Projekt\Graphics Engine\Graphics Engine\Obj\Release\link.command.1.tlog
E:\Documents\Visual Studio 2012\Projects\Projekt\Graphics Engine\Graphics Engine\Obj\Release\link.read.1.tlog
E:\Documents\Visual Studio 2012\Projects\Projekt\Graphics Engine\Graphics Engine\Obj\Release\link.read.4.tlog
E:\Documents\Visual Studio 2012\Projects\Projekt\Graphics Engine\Graphics Engine\Obj\Release\link.write.1.tlog
E:\Documents\Visual Studio 2012\Projects\Projekt\Graphics Engine\Graphics Engine\Obj\Release\vc110.pdb
E:\Documents\Visual Studio 2012\Projects\Projekt\Graphics Engine\\Build\Release\Graphics Engine.pdb
E:\Documents\Visual Studio 2012\Projects\Projekt\Graphics Engine\\Build\Release\Graphics Engine.dll
